2019-09-02 14:46:36,713 - root - INFO - ############################### START ###############################
2019-09-02 14:46:36,775 - root - INFO - ############################### START ###############################
2019-09-02 14:46:36,778 - root - INFO - ############################### START ###############################
2019-09-02 14:46:36,781 - root - INFO - ############################### START ###############################
2019-09-02 14:46:36,783 - root - INFO - ############################### START ###############################
2019-09-02 14:46:36,786 - root - INFO - ############################### START ###############################
2019-09-02 14:46:36,789 - root - INFO - ############################### START ###############################
2019-09-02 14:46:36,793 - root - INFO - ############################### START ###############################
2019-09-02 14:46:41,228 - root - INFO - 发送邮件成功
2019-09-02 15:21:20,091 - root - INFO - ############################### START ###############################
2019-09-02 15:21:20,091 - root - INFO - SUCCESS    Start a new browser: Firefox, Spend 0.0 seconds
2019-09-02 15:21:20,093 - root - INFO - ############################### START ###############################
2019-09-02 15:21:20,093 - root - INFO - SUCCESS    Start a new browser: Firefox, Spend 0.0 seconds
2019-09-02 15:21:20,094 - root - INFO - ############################### START ###############################
2019-09-02 15:21:20,095 - root - INFO - SUCCESS    Start a new browser: Firefox, Spend 0.0 seconds
2019-09-02 15:21:20,095 - root - INFO - ############################### START ###############################
2019-09-02 15:21:20,096 - root - INFO - SUCCESS    Start a new browser: Firefox, Spend 0.0 seconds
2019-09-02 15:21:20,097 - root - INFO - ############################### START ###############################
2019-09-02 15:21:20,098 - root - INFO - SUCCESS    Start a new browser: Firefox, Spend 0.0 seconds
2019-09-02 15:21:20,098 - root - INFO - ############################### START ###############################
2019-09-02 15:21:20,099 - root - INFO - SUCCESS    Start a new browser: Firefox, Spend 0.0 seconds
2019-09-02 15:21:20,099 - root - INFO - ############################### START ###############################
2019-09-02 15:21:20,100 - root - INFO - SUCCESS    Start a new browser: Firefox, Spend 0.0 seconds
2019-09-02 15:21:20,101 - root - INFO - ############################### START ###############################
2019-09-02 15:21:20,101 - root - INFO - SUCCESS    Start a new browser: Firefox, Spend 0.0 seconds
2019-09-02 15:21:25,624 - root - INFO - 发送邮件成功
2019-09-02 15:23:44,820 - root - INFO - ############################### START ###############################
2019-09-02 15:23:44,821 - root - INFO - SUCCESS    Start a new browser: Firefox, Spend 0.0 seconds
2019-09-02 15:23:44,822 - root - INFO - ############################### START ###############################
2019-09-02 15:23:44,823 - root - INFO - SUCCESS    Start a new browser: Firefox, Spend 0.0 seconds
2019-09-02 15:23:44,823 - root - INFO - ############################### START ###############################
2019-09-02 15:23:44,824 - root - INFO - SUCCESS    Start a new browser: Firefox, Spend 0.0 seconds
2019-09-02 15:23:44,824 - root - INFO - ############################### START ###############################
2019-09-02 15:23:44,825 - root - INFO - SUCCESS    Start a new browser: Firefox, Spend 0.0 seconds
2019-09-02 15:23:44,826 - root - INFO - ############################### START ###############################
2019-09-02 15:23:44,826 - root - INFO - SUCCESS    Start a new browser: Firefox, Spend 0.0 seconds
2019-09-02 15:23:44,827 - root - INFO - ############################### START ###############################
2019-09-02 15:23:44,827 - root - INFO - SUCCESS    Start a new browser: Firefox, Spend 0.0 seconds
2019-09-02 15:23:44,828 - root - INFO - ############################### START ###############################
2019-09-02 15:23:44,829 - root - INFO - SUCCESS    Start a new browser: Firefox, Spend 0.0 seconds
2019-09-02 15:23:44,830 - root - INFO - ############################### START ###############################
2019-09-02 15:23:44,830 - root - INFO - SUCCESS    Start a new browser: Firefox, Spend 0.0 seconds
2019-09-02 15:24:04,954 - root - INFO - ############################### START ###############################
2019-09-02 15:24:04,955 - root - INFO - SUCCESS    Start a new browser: Firefox, Spend 0.0 seconds
2019-09-02 15:24:04,956 - root - INFO - ############################### START ###############################
2019-09-02 15:24:04,956 - root - INFO - SUCCESS    Start a new browser: Firefox, Spend 0.0 seconds
2019-09-02 15:24:04,957 - root - INFO - ############################### START ###############################
2019-09-02 15:24:04,958 - root - INFO - SUCCESS    Start a new browser: Firefox, Spend 0.0 seconds
2019-09-02 15:24:04,958 - root - INFO - ############################### START ###############################
2019-09-02 15:24:04,959 - root - INFO - SUCCESS    Start a new browser: Firefox, Spend 0.0 seconds
2019-09-02 15:24:04,960 - root - INFO - ############################### START ###############################
2019-09-02 15:24:04,960 - root - INFO - SUCCESS    Start a new browser: Firefox, Spend 0.0 seconds
2019-09-02 15:24:04,961 - root - INFO - ############################### START ###############################
2019-09-02 15:24:04,961 - root - INFO - SUCCESS    Start a new browser: Firefox, Spend 0.0 seconds
2019-09-02 15:24:04,962 - root - INFO - ############################### START ###############################
2019-09-02 15:24:04,963 - root - INFO - SUCCESS    Start a new browser: Firefox, Spend 0.0 seconds
2019-09-02 15:24:04,964 - root - INFO - ############################### START ###############################
2019-09-02 15:24:04,964 - root - INFO - SUCCESS    Start a new browser: Firefox, Spend 0.0 seconds
2019-09-02 15:30:21,896 - root - INFO - 发送邮件成功
2019-09-02 15:32:15,055 - root - INFO - 发送邮件成功
2019-09-02 15:35:20,424 - root - INFO - 发送邮件成功
2019-09-02 15:39:15,861 - root - INFO - SUCCESS    Start a new browser: Firefox, Spend 0.0 seconds
2019-09-02 15:39:41,587 - root - INFO - SUCCESS    Start a new browser: Firefox, Spend 0.0 seconds
2019-09-02 17:09:58,734 - root - INFO - ############################### START ###############################
2019-09-02 17:09:58,736 - root - INFO - SUCCESS    Start a new browser: Firefox, Spend 0.0 seconds
2019-09-02 17:19:19,985 - root - INFO - ############################### START ###############################
2019-09-02 17:19:19,986 - root - INFO - SUCCESS    Start a new browser: Firefox, Spend 0.0 seconds
2019-09-02 17:24:19,284 - root - INFO - ############################### START ###############################
2019-09-02 17:24:19,284 - root - INFO - SUCCESS    Start a new browser: Firefox, Spend 0.0 seconds
2019-09-02 17:27:02,365 - root - INFO - ############################### START ###############################
2019-09-02 17:27:02,366 - root - INFO - SUCCESS    Start a new browser: Firefox, Spend 0.0 seconds
2019-09-02 17:27:02,367 - root - INFO - ############################### START ###############################
2019-09-02 17:27:02,367 - root - INFO - SUCCESS    Start a new browser: Firefox, Spend 0.0 seconds
2019-09-02 17:27:02,368 - root - INFO - ############################### START ###############################
2019-09-02 17:27:02,369 - root - INFO - SUCCESS    Start a new browser: Firefox, Spend 0.0 seconds
2019-09-02 17:27:02,369 - root - INFO - ############################### START ###############################
2019-09-02 17:27:02,370 - root - INFO - SUCCESS    Start a new browser: Firefox, Spend 0.0 seconds
2019-09-02 17:27:02,371 - root - INFO - ############################### START ###############################
2019-09-02 17:27:02,371 - root - INFO - SUCCESS    Start a new browser: Firefox, Spend 0.0 seconds
2019-09-02 17:27:02,372 - root - INFO - ############################### START ###############################
2019-09-02 17:27:02,373 - root - INFO - SUCCESS    Start a new browser: Firefox, Spend 0.0 seconds
2019-09-02 17:27:02,374 - root - INFO - ############################### START ###############################
2019-09-02 17:27:02,374 - root - INFO - SUCCESS    Start a new browser: Firefox, Spend 0.0 seconds
2019-09-02 17:27:02,375 - root - INFO - ############################### START ###############################
2019-09-02 17:27:02,376 - root - INFO - SUCCESS    Start a new browser: Firefox, Spend 0.0 seconds
2019-09-02 17:27:06,670 - root - INFO - 发送邮件成功
2019-09-02 17:37:39,942 - root - INFO - ############################### START ###############################
2019-09-02 17:37:39,942 - root - INFO - SUCCESS    Start a new browser: Firefox, Spend 0.0 seconds
2019-09-02 17:46:46,464 - root - INFO - ############################### START ###############################
2019-09-02 17:46:46,465 - root - INFO - SUCCESS    Start a new browser: Firefox, Spend 0.0 seconds
2019-09-02 17:46:46,466 - root - INFO - FAIL    Unable to load https://www.zaozuo.com/login, Spend 0.0 seconds
2019-09-02 17:48:13,878 - root - INFO - ############################### START ###############################
2019-09-02 17:48:13,879 - root - INFO - SUCCESS    Start a new browser: Firefox, Spend 0.0 seconds
2019-09-02 17:50:41,510 - root - INFO - ############################### START ###############################
2019-09-02 17:50:41,511 - root - INFO - SUCCESS    Start a new browser: Firefox, Spend 0.0 seconds
2019-09-02 17:54:12,141 - root - INFO - ############################### START ###############################
2019-09-02 17:54:12,141 - root - INFO - SUCCESS    Start a new browser: Firefox, Spend 0.0 seconds
2019-09-02 17:54:38,486 - root - INFO - ############################### START ###############################
2019-09-02 17:54:38,487 - root - INFO - SUCCESS    Start a new browser: Firefox, Spend 0.0 seconds
2019-09-02 17:55:00,522 - root - INFO - ############################### START ###############################
2019-09-02 17:55:00,523 - root - INFO - SUCCESS    Start a new browser: Firefox, Spend 0.0 seconds
2019-09-02 18:00:08,766 - root - INFO - SUCCESS    Start a new browser: Firefox, Spend 0.0 seconds
2019-09-02 18:02:38,708 - root - INFO - SUCCESS    Start a new browser: Firefox, Spend 0.0 seconds
2019-09-02 18:03:05,949 - root - INFO - ############################### START ###############################
2019-09-02 18:03:13,242 - root - INFO - SUCCESS    Start a new browser: firefox, Spend 7.292066335678101 seconds
2019-09-02 18:03:13,507 - root - INFO - SUCCESS    Set browser window maximized, Spend 0.26259756088256836 seconds
2019-09-02 18:03:17,268 - root - INFO - SUCCESS    Navigated to https://www.zaozuo.com/login, Spend 3.760753870010376 seconds
2019-09-02 18:03:17,274 - root - INFO - SUCCESS    Set wait all element display in 10 seconds, Spend 0.004987478256225586 seconds
2019-09-02 18:03:17,528 - root - INFO - SUCCESS    Clicked element: <xpath->/html/body/div[2]/ul[1]/li[2]>, Spend 0.25228428840637207 seconds
2019-09-02 18:03:17,531 - root - INFO - SUCCESS    Set wait all element display in 3 seconds, Spend 0.001995086669921875 seconds
2019-09-02 18:03:17,762 - root - INFO - SUCCESS    Clicked element: <id->phone_num_passwd>, Spend 0.23038434982299805 seconds
2019-09-02 18:03:17,805 - root - INFO - SUCCESS    Clear and type element: <id->phone_num_passwd> content: 18611404533, Spend 0.041860342025756836 seconds
2019-09-02 18:03:18,038 - root - INFO - SUCCESS    Clicked element: <id->password>, Spend 0.232377290725708 seconds
2019-09-02 18:03:18,068 - root - INFO - SUCCESS    Clear and type element: <id->password> content: 8655899, Spend 0.028925418853759766 seconds
2019-09-02 18:03:18,075 - root - INFO - SUCCESS    Set wait all element display in 3 seconds, Spend 0.004982948303222656 seconds
2019-09-02 18:03:19,452 - root - INFO - SUCCESS    Clicked element: <id->login_passwd>, Spend 1.376354455947876 seconds
2019-09-02 18:03:30,281 - root - INFO - SUCCESS    Closed all window and quit the driver, Spend 0.8277542591094971 seconds
2019-09-02 18:03:30,282 - root - INFO - ###############################  End  ###############################
2019-09-02 18:03:37,577 - root - INFO - ############################### START ###############################
2019-09-02 18:03:42,689 - root - INFO - SUCCESS    Start a new browser: firefox, Spend 5.111499071121216 seconds
2019-09-02 18:03:42,966 - root - INFO - SUCCESS    Set browser window maximized, Spend 0.27226781845092773 seconds
2019-09-02 18:03:44,854 - root - INFO - SUCCESS    Navigated to https://www.zaozuo.com/login, Spend 1.8859519958496094 seconds
2019-09-02 18:03:44,961 - root - INFO - SUCCESS    Set wait all element display in 10 seconds, Spend 0.10671567916870117 seconds
2019-09-02 18:03:45,202 - root - INFO - SUCCESS    Clicked element: <xpath->/html/body/div[2]/ul[1]/li[2]>, Spend 0.23836612701416016 seconds
2019-09-02 18:03:45,205 - root - INFO - SUCCESS    Set wait all element display in 3 seconds, Spend 0.0020275115966796875 seconds
2019-09-02 18:03:45,441 - root - INFO - SUCCESS    Clicked element: <id->phone_num_passwd>, Spend 0.2343733310699463 seconds
2019-09-02 18:03:45,486 - root - INFO - SUCCESS    Clear and type element: <id->phone_num_passwd> content: 18611404533, Spend 0.04488086700439453 seconds
2019-09-02 18:03:45,731 - root - INFO - SUCCESS    Clicked element: <id->password>, Spend 0.24397516250610352 seconds
2019-09-02 18:03:45,764 - root - INFO - SUCCESS    Clear and type element: <id->password> content: 8655899, Spend 0.030916690826416016 seconds
2019-09-02 18:03:45,770 - root - INFO - SUCCESS    Set wait all element display in 3 seconds, Spend 0.003986358642578125 seconds
2019-09-02 18:03:49,473 - root - INFO - SUCCESS    Clicked element: <id->login_passwd>, Spend 3.7033095359802246 seconds
2019-09-02 18:04:00,257 - root - INFO - SUCCESS    Closed all window and quit the driver, Spend 0.7828738689422607 seconds
2019-09-02 18:04:00,258 - root - INFO - ###############################  End  ###############################
2019-09-02 18:06:27,486 - root - INFO - ############################### START ###############################
2019-09-02 18:06:32,628 - root - INFO - SUCCESS    Start a new browser: firefox, Spend 5.14058518409729 seconds
2019-09-02 18:06:32,936 - root - INFO - SUCCESS    Set browser window maximized, Spend 0.3053450584411621 seconds
2019-09-02 18:06:35,388 - root - INFO - SUCCESS    Navigated to https://www.zaozuo.com/, Spend 2.451127529144287 seconds
2019-09-02 18:06:35,392 - root - INFO - SUCCESS    Set wait all element display in 10 seconds, Spend 0.0030241012573242188 seconds
2019-09-02 18:06:35,963 - root - INFO - SUCCESS    Move to element: <xpath->/html/body/div[1]/ul/li[3]/div>, Spend 0.5713474750518799 seconds
2019-09-02 18:06:38,464 - root - INFO - SUCCESS    Clicked element: <xpath->//*[@id="index_body"]/div[1]/ul/li[3]/ul/li[1]/a>, Spend 2.4994170665740967 seconds
2019-09-02 18:06:38,470 - root - INFO - SUCCESS    Set wait all element display in 10 seconds, Spend 0.0030210018157958984 seconds
2019-09-02 18:06:39,244 - root - INFO - SUCCESS    Closed all window and quit the driver, Spend 0.7736117839813232 seconds
2019-09-02 18:06:39,244 - root - INFO - ###############################  End  ###############################
2019-09-02 18:06:39,251 - root - INFO - ############################### START ###############################
2019-09-02 18:06:43,860 - root - INFO - SUCCESS    Start a new browser: firefox, Spend 4.608947515487671 seconds
2019-09-02 18:06:44,134 - root - INFO - SUCCESS    Set browser window maximized, Spend 0.2727489471435547 seconds
2019-09-02 18:06:47,089 - root - INFO - SUCCESS    Navigated to https://www.zaozuo.com/, Spend 2.954267740249634 seconds
2019-09-02 18:06:47,093 - root - INFO - SUCCESS    Set wait all element display in 10 seconds, Spend 0.002991914749145508 seconds
2019-09-02 18:06:47,373 - root - INFO - SUCCESS    Move to element: <xpath->/html/body/div[1]/ul/li[3]/div>, Spend 0.2790067195892334 seconds
2019-09-02 18:06:48,224 - root - INFO - SUCCESS    Clicked element: <xpath->//*[@id="index_body"]/div[1]/ul/li[3]/ul/li[1]/a>, Spend 0.8492474555969238 seconds
2019-09-02 18:06:48,231 - root - INFO - SUCCESS    Set wait all element display in 10 seconds, Spend 0.005986928939819336 seconds
2019-09-02 18:06:48,478 - root - INFO - SUCCESS    Clicked element: <xpath->//div[@id='screening_wrapper']/div[3]/div/div/div[3]/a/div/div>, Spend 0.24564480781555176 seconds
2019-09-02 18:06:48,488 - root - INFO - SUCCESS    Switch to the new window,new window's url: about:blank, Spend 0.008975028991699219 seconds
2019-09-02 18:06:50,166 - root - INFO - SUCCESS    Clicked element: <id->goto_combination>, Spend 1.677546739578247 seconds
2019-09-02 18:06:53,495 - root - INFO - SUCCESS    Clicked element: <xpath->//*[@id="recommend_part"]/div/div/div[2]/div/div[1]/div[2]/div/div/div>, Spend 0.32807326316833496 seconds
2019-09-02 18:06:56,626 - root - INFO - FAIL    Unable to click element: <xpath->//*[@id="suite-pop-footer-2416"]/dl[1]/dd/div[2]>, Spend 0.1289064884185791 seconds
2019-09-02 18:06:57,484 - root - INFO - SUCCESS    Closed all window and quit the driver, Spend 0.8562164306640625 seconds
2019-09-02 18:06:57,485 - root - INFO - ###############################  End  ###############################
